<?xml version="1.0" encoding="utf-8"?><testsuites name="pytest tests"><testsuite name="pytest" errors="0" failures="0" skipped="1" tests="12" time="5.634" timestamp="2026-03-01T18:12:32.015377+00:00" hostname="agent-env-59842182-e32d-466c-a8b4-385828297425"><testcase classname="backend.tests.test_paisape_v3_features.TestAuthWithNewCredentials" name="test_admin_login_new_creds" time="0.521" /><testcase classname="backend.tests.test_paisape_v3_features.TestAuthWithNewCredentials" name="test_retailer_login_new_creds" time="0.408" /><testcase classname="backend.tests.test_paisape_v3_features.TestOperatorNameInTransactions" name="test_get_all_transactions_has_operator_name" time="0.533" /><testcase classname="backend.tests.test_paisape_v3_features.TestOperatorNameInTransactions" name="test_get_failed_transactions_has_operator_name" time="0.446" /><testcase classname="backend.tests.test_paisape_v3_features.TestOperatorNameInTransactions" name="test_get_pending_transactions_has_operator_name" time="0.313" /><testcase classname="backend.tests.test_paisape_v3_features.TestSandboxBulkTestWithOperatorName" name="test_sandbox_bulk_test_endpoint" time="0.764" /><testcase classname="backend.tests.test_paisape_v3_features.TestSandboxBulkTestWithOperatorName" name="test_verify_sandbox_transactions_have_operator_name" time="1.313" /><testcase classname="backend.tests.test_paisape_v3_features.TestCheckStatusFunctionality" name="test_get_pending_transactions" time="0.331" /><testcase classname="backend.tests.test_paisape_v3_features.TestCheckStatusFunctionality" name="test_create_pending_transaction_if_needed" time="0.000"><skipped type="pytest.skip" message="Already have a pending transaction to test">/app/backend/tests/test_paisape_v3_features.py:234: Already have a pending transaction to test</skipped></testcase><testcase classname="backend.tests.test_paisape_v3_features.TestCheckStatusFunctionality" name="test_check_status_endpoint" time="0.324" /><testcase classname="backend.tests.test_paisape_v3_features.TestLedgerReport" name="test_ledger_report_endpoint" time="0.309" /><testcase classname="backend.tests.test_paisape_v3_features.TestWalletBalanceFlow" name="test_get_retailer_wallet_balance" time="0.313" /></testsuite></testsuites>