<?xml version="1.0" encoding="utf-8"?><testsuites name="pytest tests"><testsuite name="pytest" errors="0" failures="0" skipped="0" tests="16" time="8.081" timestamp="2026-03-01T16:32:13.906469+00:00" hostname="agent-env-7872a79d-aa11-44b2-a9da-591cb5675704"><testcase classname="backend.tests.test_paisape_api.TestAuth" name="test_admin_login_success" time="0.538" /><testcase classname="backend.tests.test_paisape_api.TestAuth" name="test_login_invalid_credentials" time="0.564" /><testcase classname="backend.tests.test_paisape_api.TestUsers" name="test_get_all_users" time="0.375" /><testcase classname="backend.tests.test_paisape_api.TestUsers" name="test_update_user" time="0.738" /><testcase classname="backend.tests.test_paisape_api.TestUsers" name="test_wallet_credit" time="0.404" /><testcase classname="backend.tests.test_paisape_api.TestUsers" name="test_toggle_user_status" time="1.080" /><testcase classname="backend.tests.test_paisape_api.TestOperators" name="test_get_all_operators" time="0.340" /><testcase classname="backend.tests.test_paisape_api.TestAPIConfig" name="test_get_all_api_configs" time="0.319" /><testcase classname="backend.tests.test_paisape_api.TestCommission" name="test_get_all_commissions" time="0.341" /><testcase classname="backend.tests.test_paisape_api.TestCommission" name="test_create_commission" time="0.795" /><testcase classname="backend.tests.test_paisape_api.TestCommission" name="test_delete_commission" time="0.360" /><testcase classname="backend.tests.test_paisape_api.TestRouting" name="test_get_all_routing_rules" time="0.373" /><testcase classname="backend.tests.test_paisape_api.TestRouting" name="test_create_routing_rule" time="0.646" /><testcase classname="backend.tests.test_paisape_api.TestRouting" name="test_delete_routing_rule" time="0.319" /><testcase classname="backend.tests.test_paisape_api.TestReports" name="test_get_admin_dashboard" time="0.312" /><testcase classname="backend.tests.test_paisape_api.TestReports" name="test_get_transactions" time="0.297" /></testsuite></testsuites>