<?xml version="1.0" encoding="utf-8"?><testsuites name="pytest tests"><testsuite name="pytest" errors="0" failures="0" skipped="0" tests="19" time="9.168" timestamp="2026-03-01T18:48:07.695502+00:00" hostname="agent-env-59842182-e32d-466c-a8b4-385828297425"><testcase classname="test_paisape_v4_features.TestKYCEndpoints" name="test_submit_kyc_document" time="1.004" /><testcase classname="test_paisape_v4_features.TestKYCEndpoints" name="test_get_my_kyc_documents" time="0.297" /><testcase classname="test_paisape_v4_features.TestKYCEndpoints" name="test_get_all_kyc_documents" time="0.765" /><testcase classname="test_paisape_v4_features.TestKYCEndpoints" name="test_get_pending_kyc" time="0.344" /><testcase classname="test_paisape_v4_features.TestKYCEndpoints" name="test_verify_kyc_document" time="0.711" /><testcase classname="test_paisape_v4_features.TestDisputeEndpoints" name="test_get_all_disputes" time="0.320" /><testcase classname="test_paisape_v4_features.TestDisputeEndpoints" name="test_get_unresolved_disputes" time="0.321" /><testcase classname="test_paisape_v4_features.TestReconciliationEndpoints" name="test_get_reconciliation_report" time="0.309" /><testcase classname="test_paisape_v4_features.TestReconciliationEndpoints" name="test_run_reconciliation" time="0.318" /><testcase classname="test_paisape_v4_features.TestTwoFactorEndpoints" name="test_get_2fa_status" time="0.293" /><testcase classname="test_paisape_v4_features.TestTwoFactorEndpoints" name="test_enable_2fa" time="0.295" /><testcase classname="test_paisape_v4_features.TestTwoFactorEndpoints" name="test_disable_2fa" time="0.283" /><testcase classname="test_paisape_v4_features.TestPendingReportEndpoints" name="test_get_pending_transactions" time="0.313" /><testcase classname="test_paisape_v4_features.TestPendingReportEndpoints" name="test_bulk_resolve" time="0.366" /><testcase classname="test_paisape_v4_features.TestPendingReportEndpoints" name="test_get_transaction_detail" time="0.593" /><testcase classname="test_paisape_v4_features.TestAdminStatusChange" name="test_change_transaction_status" time="0.957" /><testcase classname="test_paisape_v4_features.TestWebhookEndpoints" name="test_webhook_callback_invalid_token" time="0.635" /><testcase classname="test_paisape_v4_features.TestLiveTransactions" name="test_get_all_transactions" time="0.628" /><testcase classname="test_paisape_v4_features.TestLiveTransactions" name="test_get_stats" time="0.298" /></testsuite></testsuites>