<?xml version="1.0" encoding="utf-8"?><testsuites name="pytest tests"><testsuite name="pytest" errors="0" failures="0" skipped="0" tests="25" time="10.680" timestamp="2026-03-01T17:00:38.543618+00:00" hostname="agent-env-7872a79d-aa11-44b2-a9da-591cb5675704"><testcase classname="backend.tests.test_paisape_api_v2.TestAuth" name="test_admin_login_success" time="0.552" /><testcase classname="backend.tests.test_paisape_api_v2.TestAuth" name="test_retailer_login_success" time="0.409" /><testcase classname="backend.tests.test_paisape_api_v2.TestAuth" name="test_login_invalid_credentials" time="0.532" /><testcase classname="backend.tests.test_paisape_api_v2.TestUsers" name="test_get_all_users" time="0.326" /><testcase classname="backend.tests.test_paisape_api_v2.TestUsers" name="test_get_me_admin" time="0.437" /><testcase classname="backend.tests.test_paisape_api_v2.TestUsers" name="test_update_user" time="0.722" /><testcase classname="backend.tests.test_paisape_api_v2.TestUsers" name="test_wallet_credit" time="0.467" /><testcase classname="backend.tests.test_paisape_api_v2.TestWalletNewEndpoints" name="test_get_all_wallets" time="0.308" /><testcase classname="backend.tests.test_paisape_api_v2.TestWalletNewEndpoints" name="test_get_user_wallet_admin" time="0.332" /><testcase classname="backend.tests.test_paisape_api_v2.TestWalletNewEndpoints" name="test_get_user_ledger_admin" time="0.349" /><testcase classname="backend.tests.test_paisape_api_v2.TestWalletNewEndpoints" name="test_get_my_wallet_retailer" time="0.357" /><testcase classname="backend.tests.test_paisape_api_v2.TestWalletNewEndpoints" name="test_get_my_ledger_retailer" time="0.312" /><testcase classname="backend.tests.test_paisape_api_v2.TestOperators" name="test_get_all_operators" time="0.401" /><testcase classname="backend.tests.test_paisape_api_v2.TestAPIConfigEnhanced" name="test_get_all_api_configs" time="0.406" /><testcase classname="backend.tests.test_paisape_api_v2.TestAPIConfigEnhanced" name="test_test_api_endpoint" time="0.379" /><testcase classname="backend.tests.test_paisape_api_v2.TestAPIConfigEnhanced" name="test_get_callback_url" time="0.356" /><testcase classname="backend.tests.test_paisape_api_v2.TestRechargeEnhanced" name="test_recharge_with_string_amount" time="0.777" /><testcase classname="backend.tests.test_paisape_api_v2.TestRechargeEnhanced" name="test_recharge_with_number_amount" time="0.741" /><testcase classname="backend.tests.test_paisape_api_v2.TestRechargeEnhanced" name="test_get_recharge_stats" time="0.395" /><testcase classname="backend.tests.test_paisape_api_v2.TestRechargeEnhanced" name="test_get_all_recharges_admin" time="0.308" /><testcase classname="backend.tests.test_paisape_api_v2.TestCommission" name="test_get_all_commissions" time="0.309" /><testcase classname="backend.tests.test_paisape_api_v2.TestRouting" name="test_get_all_routing_rules" time="0.317" /><testcase classname="backend.tests.test_paisape_api_v2.TestReportsEnhanced" name="test_get_admin_dashboard" time="0.319" /><testcase classname="backend.tests.test_paisape_api_v2.TestReportsEnhanced" name="test_get_retailer_dashboard_stats" time="0.318" /><testcase classname="backend.tests.test_paisape_api_v2.TestReportsEnhanced" name="test_get_transactions" time="0.335" /></testsuite></testsuites>